<?xml version="1.0" encoding="UTF-8"?>
<testsuite name="ru.ulstu.is.sbapp.SbappApplicationTests" tests="1" skipped="0" failures="0" errors="0" timestamp="2023-10-17T22:24:25" hostname="POWERFNAF459" time="0.027">
  <properties/>
  <testcase name="testAddition()" classname="ru.ulstu.is.sbapp.SbappApplicationTests" time="0.027"/>
  <system-out><![CDATA[]]></system-out>
  <system-err><![CDATA[]]></system-err>
</testsuite>
